2025-01-15 12:17:17,552 [INFO] Activator:176 - 


2025-01-15 12:17:17,552 [INFO] Activator:177 - !SESSION log4j initialized
2025-01-15 12:17:25,327 [INFO] LogOutputStream:77 - [STDOUT_REDIRECT] 
2025-01-15 12:17:28,279 [INFO] ApplicationProperties:184 - Using Application install path: C:\ST\STM32CubeIDE_1.17.0\STM32CubeIDE\plugins\com.st.stm32cube.common.mx_6.13.0.202411220809
2025-01-15 12:17:28,302 [INFO] DbMcusXml:78 - Set database path to: C:\ST\STM32CubeIDE_1.17.0\STM32CubeIDE\plugins\com.st.stm32cube.common.mx_6.13.0.202411220809\\db\/mcu/
2025-01-15 12:17:28,302 [INFO] ApiDb:274 - Set plugin database path to: C:\ST\STM32CubeIDE_1.17.0\STM32CubeIDE\plugins\com.st.stm32cube.common.mx_6.13.0.202411220809\\db\/plugins/boardmanager/
2025-01-15 12:17:28,305 [WARN] ApiDb:259 - Overriding images path with different value:  => C:\ST\STM32CubeIDE_1.17.0\STM32CubeIDE\plugins\com.st.stm32cube.common.mx_6.13.0.202411220809\\db\/plugins/mcufinder/images/
2025-01-15 12:17:28,313 [INFO] ApiDb:250 - Set database path to: C:\Users\amsb9\.stmcufinder\plugins\mcufinder//mcu/
2025-01-15 12:17:28,316 [INFO] DbMcusAds:125 - Set database path to: C:\Users\amsb9\.stmcufinder\plugins\mcufinder//mcu/
2025-01-15 12:17:28,319 [INFO] CrossReferenceDbSqlite:203 - Set database path to: C:\Users\amsb9\.stmcufinder\plugins\mcufinder//mcu/cs/
2025-01-15 12:17:28,495 [INFO] RulesReader:64 - Compatibility file has been processed (297 Rules)
2025-01-15 12:17:28,616 [INFO] DbMcusXml:78 - Set database path to: C:\ST\STM32CubeIDE_1.17.0\STM32CubeIDE\plugins\com.st.stm32cube.common.mx_6.13.0.202411220809\\db\/mcu/
2025-01-15 12:17:28,617 [INFO] ApiDb:274 - Set plugin database path to: C:\ST\STM32CubeIDE_1.17.0\STM32CubeIDE\plugins\com.st.stm32cube.common.mx_6.13.0.202411220809\\db\/plugins/boardmanager/
2025-01-15 12:17:28,617 [INFO] ApiDb:261 - Set plugin images path to: C:\ST\STM32CubeIDE_1.17.0\STM32CubeIDE\plugins\com.st.stm32cube.common.mx_6.13.0.202411220809\\db\/plugins/mcufinder/images/
2025-01-15 12:17:28,617 [WARN] DbFile:41 - Overriding database path with different value: C:\Users\amsb9\.stmcufinder\plugins\mcufinder/ => C:\Users\amsb9\.stmcufinder\plugins\mcufinder
2025-01-15 12:17:28,617 [INFO] ApiDb:250 - Set database path to: C:\Users\amsb9\.stmcufinder\plugins\mcufinder//mcu/
2025-01-15 12:17:28,617 [WARN] DbFile:41 - Overriding database path with different value: C:\Users\amsb9\.stmcufinder\plugins\mcufinder/ => C:\Users\amsb9\.stmcufinder\plugins\mcufinder
2025-01-15 12:17:28,618 [INFO] DbMcusAds:125 - Set database path to: C:\Users\amsb9\.stmcufinder\plugins\mcufinder//mcu/
2025-01-15 12:17:28,618 [WARN] DbFile:41 - Overriding database path with different value: C:\Users\amsb9\.stmcufinder\plugins\mcufinder/ => C:\Users\amsb9\.stmcufinder\plugins\mcufinder
2025-01-15 12:17:28,618 [WARN] DbFile:41 - Overriding database path with different value: C:\Users\amsb9\.stmcufinder\plugins\mcufinder/ => C:\Users\amsb9\.stmcufinder\plugins\mcufinder
2025-01-15 12:17:28,618 [INFO] CrossReferenceDbSqlite:203 - Set database path to: C:\Users\amsb9\.stmcufinder\plugins\mcufinder//mcu/cs/
2025-01-15 12:17:28,726 [INFO] MainPanel:272 - HeapMemory: 268435456
2025-01-15 12:17:28,856 [INFO] DbMcusXml:78 - Set database path to: C:\ST\STM32CubeIDE_1.17.0\STM32CubeIDE\plugins\com.st.stm32cube.common.mx_6.13.0.202411220809\\db\/mcu/
2025-01-15 12:17:28,856 [INFO] ApiDb:274 - Set plugin database path to: C:\ST\STM32CubeIDE_1.17.0\STM32CubeIDE\plugins\com.st.stm32cube.common.mx_6.13.0.202411220809\\db\/plugins/boardmanager/
2025-01-15 12:17:28,856 [INFO] ApiDb:261 - Set plugin images path to: C:\ST\STM32CubeIDE_1.17.0\STM32CubeIDE\plugins\com.st.stm32cube.common.mx_6.13.0.202411220809\\db\/plugins/mcufinder/images/
2025-01-15 12:17:28,857 [WARN] DbFile:41 - Overriding database path with different value: C:\Users\amsb9\.stmcufinder\plugins\mcufinder/ => C:\Users\amsb9\.stmcufinder\plugins\mcufinder
2025-01-15 12:17:28,857 [INFO] ApiDb:250 - Set database path to: C:\Users\amsb9\.stmcufinder\plugins\mcufinder//mcu/
2025-01-15 12:17:28,857 [WARN] DbFile:41 - Overriding database path with different value: C:\Users\amsb9\.stmcufinder\plugins\mcufinder/ => C:\Users\amsb9\.stmcufinder\plugins\mcufinder
2025-01-15 12:17:28,857 [INFO] DbMcusAds:125 - Set database path to: C:\Users\amsb9\.stmcufinder\plugins\mcufinder//mcu/
2025-01-15 12:17:28,857 [WARN] DbFile:41 - Overriding database path with different value: C:\Users\amsb9\.stmcufinder\plugins\mcufinder/ => C:\Users\amsb9\.stmcufinder\plugins\mcufinder
2025-01-15 12:17:28,857 [WARN] DbFile:41 - Overriding database path with different value: C:\Users\amsb9\.stmcufinder\plugins\mcufinder/ => C:\Users\amsb9\.stmcufinder\plugins\mcufinder
2025-01-15 12:17:28,857 [INFO] CrossReferenceDbSqlite:203 - Set database path to: C:\Users\amsb9\.stmcufinder\plugins\mcufinder//mcu/cs/
2025-01-15 12:17:28,884 [INFO] ApplicationProperties:184 - Using Application install path: C:\ST\STM32CubeIDE_1.17.0\STM32CubeIDE\plugins\com.st.stm32cube.common.mx_6.13.0.202411220809
2025-01-15 12:17:28,886 [INFO] PluginManage:196 - Search for loadable plugins [exclusion list=, ]
2025-01-15 12:17:28,888 [INFO] PluginManage:310 - Check plugin analytics
2025-01-15 12:17:29,122 [INFO] AnalyticsPlugin:253 - Accepted Software Licenses: 
2025-01-15 12:17:29,122 [INFO] AnalyticsPlugin:255 - Accepted CMSIS Pack Licenses: 
2025-01-15 12:17:29,122 [INFO] AnalyticsPlugin:257 - Accepted Firmware Licenses: FW.L4.1.18.0
2025-01-15 12:17:29,126 [INFO] PluginManage:359 - Loaded plugin analytics (category:tool,tabindex:-1)
2025-01-15 12:17:29,126 [INFO] PluginManage:310 - Check plugin cadmodel
2025-01-15 12:17:29,133 [INFO] CADModel:105 - Init CAD model plugin
2025-01-15 12:17:29,133 [INFO] PluginManage:359 - Loaded plugin cadmodel (category:power,tabindex:5)
2025-01-15 12:17:29,133 [INFO] PluginManage:310 - Check plugin clock
2025-01-15 12:17:29,146 [INFO] PluginManage:359 - Loaded plugin clock (category:base,tabindex:2)
2025-01-15 12:17:29,146 [INFO] PluginManage:310 - Check plugin ddr
2025-01-15 12:17:29,150 [INFO] PluginManage:359 - Loaded plugin ddr (category:tool,tabindex:6)
2025-01-15 12:17:29,150 [INFO] PluginManage:310 - Check plugin filemanager
2025-01-15 12:17:29,365 [INFO] PluginManage:359 - Loaded plugin filemanager (category:base,tabindex:10)
2025-01-15 12:17:29,365 [INFO] PluginManage:310 - Check plugin ipmanager
2025-01-15 12:17:29,375 [INFO] PluginManage:359 - Loaded plugin ipmanager (category:base,tabindex:5)
2025-01-15 12:17:29,375 [INFO] PluginManage:310 - Check plugin lpbam
2025-01-15 12:17:29,405 [INFO] PluginManage:359 - Loaded plugin lpbam (category:base,tabindex:0)
2025-01-15 12:17:29,405 [INFO] PluginManage:310 - Check plugin memorymap
2025-01-15 12:17:29,421 [INFO] PluginManage:359 - Loaded plugin memorymap (category:base,tabindex:4)
2025-01-15 12:17:29,421 [INFO] PluginManage:310 - Check plugin pinoutandconfiguration
2025-01-15 12:17:29,433 [INFO] PluginManage:359 - Loaded plugin pinoutandconfiguration (category:base,tabindex:1)
2025-01-15 12:17:29,433 [INFO] PluginManage:310 - Check plugin pinoutconfig
2025-01-15 12:17:29,538 [WARN] SupportedApi:132 - Cannot load RTOS API schema: s4s-elt-must-match.1: The content of 'definitions' must match (annotation?, (simpleType | complexType)?, (unique | key | keyref)*)). A problem was found starting at: attribute.
2025-01-15 12:17:29,699 [INFO] PluginManage:359 - Loaded plugin pinoutconfig (category:base,tabindex:0)
2025-01-15 12:17:29,699 [INFO] PluginManage:310 - Check plugin power
2025-01-15 12:17:29,711 [INFO] PluginManage:359 - Loaded plugin power (category:power,tabindex:4)
2025-01-15 12:17:29,711 [INFO] PluginManage:310 - Check plugin projectmanager
2025-01-15 12:17:29,734 [INFO] PluginManage:359 - Loaded plugin projectmanager (category:projectmanager,tabindex:4)
2025-01-15 12:17:29,735 [INFO] PluginManage:310 - Check plugin rif
2025-01-15 12:17:29,743 [INFO] PluginManage:359 - Loaded plugin rif (category:base,tabindex:3)
2025-01-15 12:17:29,744 [INFO] PluginManage:310 - Check plugin thirdparty
2025-01-15 12:17:29,928 [INFO] PluginManage:359 - Loaded plugin thirdparty (category:base,tabindex:-1)
2025-01-15 12:17:29,928 [WARN] IntegrityCheckThread:84 - waiting for thirdparty lock release [integrity check]
2025-01-15 12:17:29,928 [INFO] PluginManage:310 - Check plugin tools
2025-01-15 12:17:29,928 [INFO] IntegrityCheckThread:86 - entering critical section [integrity check]
2025-01-15 12:17:29,929 [INFO] ThirdPartyUpdaterWithRetryManager:70 - Updater plugin not ready yet. [1/15]
2025-01-15 12:17:29,932 [INFO] PluginManage:359 - Loaded plugin tools (category:base,tabindex:7)
2025-01-15 12:17:29,932 [INFO] PluginManage:310 - Check plugin tutovideos
2025-01-15 12:17:30,100 [INFO] PluginManage:359 - Loaded plugin tutovideos (category:base,tabindex:-1)
2025-01-15 12:17:30,100 [INFO] PluginManage:310 - Check plugin updater
2025-01-15 12:17:30,123 [INFO] PluginManage:359 - Loaded plugin updater (category:base,tabindex:12)
2025-01-15 12:17:30,123 [INFO] PluginManage:310 - Check plugin userauth
2025-01-15 12:17:30,127 [INFO] UserAuth:118 - Init User Auth plugin
2025-01-15 12:17:30,129 [INFO] PluginManage:359 - Loaded plugin userauth (category:base,tabindex:14)
2025-01-15 12:17:30,129 [INFO] PluginManage:283 - PluginManage : Loaded plugins [18]
2025-01-15 12:17:30,366 [INFO] PinOutPanel:1589 - setPackage(No Configuration,No Configuration)
2025-01-15 12:17:30,470 [INFO] CADModel:165 - CPN selected for project level
2025-01-15 12:17:30,470 [INFO] CADModel:114 - Register for checkConnection events
2025-01-15 12:17:30,490 [INFO] IPUIPlugin:80 - create IPUIPlugin
2025-01-15 12:17:30,490 [INFO] PluginManager:220 - loadIPPluginJar : add adc
2025-01-15 12:17:30,494 [INFO] IPUIPlugin:80 - create IPUIPlugin
2025-01-15 12:17:30,494 [INFO] PluginManager:220 - loadIPPluginJar : add aes
2025-01-15 12:17:30,497 [INFO] IPUIPlugin:80 - create IPUIPlugin
2025-01-15 12:17:30,497 [INFO] PluginManager:220 - loadIPPluginJar : add can
2025-01-15 12:17:30,500 [INFO] IPUIPlugin:80 - create IPUIPlugin
2025-01-15 12:17:30,500 [INFO] PluginManager:220 - loadIPPluginJar : add comp
2025-01-15 12:17:30,502 [INFO] IPUIPlugin:80 - create IPUIPlugin
2025-01-15 12:17:30,503 [INFO] PluginManager:220 - loadIPPluginJar : add cryp
2025-01-15 12:17:30,506 [INFO] IPUIPlugin:80 - create IPUIPlugin
2025-01-15 12:17:30,506 [INFO] PluginManager:220 - loadIPPluginJar : add ddr_ctrl_phy
2025-01-15 12:17:30,509 [INFO] IPUIPlugin:80 - create IPUIPlugin
2025-01-15 12:17:30,510 [INFO] PluginManager:220 - loadIPPluginJar : add dfsdm
2025-01-15 12:17:30,516 [INFO] IPUIPlugin:80 - create IPUIPlugin
2025-01-15 12:17:30,517 [INFO] PluginManager:220 - loadIPPluginJar : add dma
2025-01-15 12:17:30,520 [INFO] IPUIPlugin:80 - create IPUIPlugin
2025-01-15 12:17:30,520 [INFO] PluginManager:220 - loadIPPluginJar : add dma3
2025-01-15 12:17:30,524 [INFO] IPUIPlugin:80 - create IPUIPlugin
2025-01-15 12:17:30,524 [INFO] PluginManager:220 - loadIPPluginJar : add extmemmanager
2025-01-15 12:17:30,526 [INFO] IPUIPlugin:80 - create IPUIPlugin
2025-01-15 12:17:30,527 [INFO] PluginManager:220 - loadIPPluginJar : add fatfs
2025-01-15 12:17:30,531 [INFO] IPUIPlugin:80 - create IPUIPlugin
2025-01-15 12:17:30,531 [INFO] PluginManager:220 - loadIPPluginJar : add fmc
2025-01-15 12:17:30,536 [INFO] IPUIPlugin:80 - create IPUIPlugin
2025-01-15 12:17:30,536 [INFO] PluginManager:220 - loadIPPluginJar : add freertos
2025-01-15 12:17:30,538 [INFO] IPUIPlugin:80 - create IPUIPlugin
2025-01-15 12:17:30,538 [INFO] PluginManager:220 - loadIPPluginJar : add genericplugin
2025-01-15 12:17:30,540 [INFO] IPUIPlugin:80 - create IPUIPlugin
2025-01-15 12:17:30,540 [INFO] PluginManager:220 - loadIPPluginJar : add gfxmmu
2025-01-15 12:17:30,544 [INFO] IPUIPlugin:80 - create IPUIPlugin
2025-01-15 12:17:30,545 [INFO] PluginManager:220 - loadIPPluginJar : add gic
2025-01-15 12:17:30,548 [INFO] IPUIPlugin:80 - create IPUIPlugin
2025-01-15 12:17:30,548 [INFO] PluginManager:220 - loadIPPluginJar : add gpio
2025-01-15 12:17:30,551 [INFO] IPUIPlugin:80 - create IPUIPlugin
2025-01-15 12:17:30,551 [INFO] PluginManager:220 - loadIPPluginJar : add gtzc
2025-01-15 12:17:30,553 [INFO] IPUIPlugin:80 - create IPUIPlugin
2025-01-15 12:17:30,553 [INFO] PluginManager:220 - loadIPPluginJar : add hash
2025-01-15 12:17:30,556 [INFO] IPUIPlugin:80 - create IPUIPlugin
2025-01-15 12:17:30,557 [INFO] PluginManager:220 - loadIPPluginJar : add i2c
2025-01-15 12:17:30,560 [INFO] IPUIPlugin:80 - create IPUIPlugin
2025-01-15 12:17:30,561 [INFO] PluginManager:220 - loadIPPluginJar : add i2s
2025-01-15 12:17:30,565 [INFO] IPUIPlugin:80 - create IPUIPlugin
2025-01-15 12:17:30,565 [INFO] PluginManager:220 - loadIPPluginJar : add i3c
2025-01-15 12:17:30,569 [INFO] IPUIPlugin:80 - create IPUIPlugin
2025-01-15 12:17:30,569 [INFO] PluginManager:220 - loadIPPluginJar : add ipddr
2025-01-15 12:17:30,576 [INFO] IPUIPlugin:80 - create IPUIPlugin
2025-01-15 12:17:30,576 [INFO] PluginManager:220 - loadIPPluginJar : add linkedlist
2025-01-15 12:17:30,580 [INFO] IPUIPlugin:80 - create IPUIPlugin
2025-01-15 12:17:30,580 [INFO] PluginManager:220 - loadIPPluginJar : add lorawan
2025-01-15 12:17:30,582 [INFO] IPUIPlugin:80 - create IPUIPlugin
2025-01-15 12:17:30,582 [INFO] PluginManager:220 - loadIPPluginJar : add ltdc
2025-01-15 12:17:30,588 [INFO] IPUIPlugin:80 - create IPUIPlugin
2025-01-15 12:17:30,588 [INFO] PluginManager:220 - loadIPPluginJar : add mdma
2025-01-15 12:17:30,592 [INFO] IPUIPlugin:80 - create IPUIPlugin
2025-01-15 12:17:30,593 [INFO] PluginManager:220 - loadIPPluginJar : add nvic
2025-01-15 12:17:30,597 [INFO] IPUIPlugin:80 - create IPUIPlugin
2025-01-15 12:17:30,597 [INFO] PluginManager:220 - loadIPPluginJar : add opamp
2025-01-15 12:17:30,601 [INFO] IPUIPlugin:80 - create IPUIPlugin
2025-01-15 12:17:30,602 [INFO] PluginManager:220 - loadIPPluginJar : add openamp
2025-01-15 12:17:30,607 [INFO] IPUIPlugin:80 - create IPUIPlugin
2025-01-15 12:17:30,607 [INFO] PluginManager:220 - loadIPPluginJar : add pdm2pcm
2025-01-15 12:17:30,616 [INFO] IPUIPlugin:80 - create IPUIPlugin
2025-01-15 12:17:30,619 [INFO] PluginManager:220 - loadIPPluginJar : add plateformsettings
2025-01-15 12:17:30,623 [INFO] IPUIPlugin:80 - create IPUIPlugin
2025-01-15 12:17:30,623 [INFO] PluginManager:220 - loadIPPluginJar : add quadspi
2025-01-15 12:17:30,626 [INFO] IPUIPlugin:80 - create IPUIPlugin
2025-01-15 12:17:30,627 [INFO] PluginManager:220 - loadIPPluginJar : add radio
2025-01-15 12:17:30,632 [INFO] IPUIPlugin:80 - create IPUIPlugin
2025-01-15 12:17:30,632 [INFO] PluginManager:220 - loadIPPluginJar : add resmgrutility
2025-01-15 12:17:30,635 [INFO] IPUIPlugin:80 - create IPUIPlugin
2025-01-15 12:17:30,635 [INFO] PluginManager:220 - loadIPPluginJar : add sai
2025-01-15 12:17:30,639 [INFO] IPUIPlugin:80 - create IPUIPlugin
2025-01-15 12:17:30,639 [INFO] PluginManager:220 - loadIPPluginJar : add spi
2025-01-15 12:17:30,645 [INFO] IPUIPlugin:80 - create IPUIPlugin
2025-01-15 12:17:30,645 [INFO] PluginManager:220 - loadIPPluginJar : add stm32_wpan
2025-01-15 12:17:30,648 [INFO] IPUIPlugin:80 - create IPUIPlugin
2025-01-15 12:17:30,648 [INFO] PluginManager:220 - loadIPPluginJar : add tim
2025-01-15 12:17:30,652 [INFO] IPUIPlugin:80 - create IPUIPlugin
2025-01-15 12:17:30,653 [INFO] PluginManager:220 - loadIPPluginJar : add touchsensing
2025-01-15 12:17:30,655 [INFO] IPUIPlugin:80 - create IPUIPlugin
2025-01-15 12:17:30,655 [INFO] PluginManager:220 - loadIPPluginJar : add tracer_emb
2025-01-15 12:17:30,658 [INFO] IPUIPlugin:80 - create IPUIPlugin
2025-01-15 12:17:30,658 [INFO] PluginManager:220 - loadIPPluginJar : add ts
2025-01-15 12:17:30,660 [INFO] IPUIPlugin:80 - create IPUIPlugin
2025-01-15 12:17:30,660 [INFO] PluginManager:220 - loadIPPluginJar : add tsc
2025-01-15 12:17:30,664 [INFO] IPUIPlugin:80 - create IPUIPlugin
2025-01-15 12:17:30,664 [INFO] PluginManager:220 - loadIPPluginJar : add ucpd
2025-01-15 12:17:30,667 [INFO] IPUIPlugin:80 - create IPUIPlugin
2025-01-15 12:17:30,668 [INFO] PluginManager:220 - loadIPPluginJar : add usart
2025-01-15 12:17:30,672 [INFO] IPUIPlugin:80 - create IPUIPlugin
2025-01-15 12:17:30,672 [INFO] PluginManager:220 - loadIPPluginJar : add usbx
2025-01-15 12:17:30,825 [FATAL] Updater:351 - Updater called before beeing initialized
2025-01-15 12:17:30,860 [INFO] RulesReader:64 - Compatibility file has been processed (297 Rules)
2025-01-15 12:17:30,875 [INFO] RulesReader:64 - Compatibility file has been processed (297 Rules)
2025-01-15 12:17:30,885 [INFO] CADModel:165 - CPN selected for project level
2025-01-15 12:17:30,885 [INFO] CADModel:114 - Register for checkConnection events
2025-01-15 12:17:30,885 [FATAL] Updater:351 - Updater called before beeing initialized
2025-01-15 12:17:30,885 [ERROR] CADModel:125 - Updater not yet initialized, retry later 
2025-01-15 12:17:31,048 [FATAL] Updater:351 - Updater called before beeing initialized
2025-01-15 12:17:31,049 [INFO] CADModel:165 - CPN selected for project level
2025-01-15 12:17:31,050 [INFO] CADModel:114 - Register for checkConnection events
2025-01-15 12:17:31,050 [FATAL] Updater:351 - Updater called before beeing initialized
2025-01-15 12:17:31,050 [ERROR] CADModel:125 - Updater not yet initialized, retry later 
2025-01-15 12:17:31,053 [FATAL] Updater:351 - Updater called before beeing initialized
2025-01-15 12:17:31,273 [FATAL] Updater:351 - Updater called before beeing initialized
2025-01-15 12:17:31,277 [INFO] DbMcusAds:53 - JSON generation date=Tue Dec 17 09:01:15 MST 2024 (1734451275222)
2025-01-15 12:17:31,277 [FATAL] Updater:351 - Updater called before beeing initialized
2025-01-15 12:17:31,331 [WARN] DetailPanel:346 - Failed to get advertising image, set to default
2025-01-15 12:17:31,694 [FATAL] Updater:351 - Updater called before beeing initialized
2025-01-15 12:17:31,697 [FATAL] Updater:351 - Updater called before beeing initialized
2025-01-15 12:17:31,697 [FATAL] Updater:351 - Updater called before beeing initialized
2025-01-15 12:17:31,697 [WARN] DetailPanel:346 - Failed to get advertising image, set to default
2025-01-15 12:17:31,698 [FATAL] Updater:351 - Updater called before beeing initialized
2025-01-15 12:17:31,751 [ERROR] Updater:1198 - MainUpdater not yet initialized. External WinMGr cannot be set.
2025-01-15 12:17:31,753 [INFO] Updater:1134 - Updater Version found : 6.13.0
2025-01-15 12:17:31,769 [INFO] ApplicationProperties:184 - Using Application install path: C:\ST\STM32CubeIDE_1.17.0\STM32CubeIDE\plugins\com.st.stm32cube.common.mx_6.13.0.202411220809
2025-01-15 12:17:32,930 [INFO] ThirdPartyUpdaterWithRetryManager:70 - Updater plugin not ready yet. [2/15]
2025-01-15 12:17:33,349 [ERROR] LogOutputStream:75 - [STDERR_REDIRECT] Jan 15, 2025 12:17:33 PM java.util.prefs.WindowsPreferences <init>
2025-01-15 12:17:33,352 [ERROR] LogOutputStream:75 - [STDERR_REDIRECT] WARNING: Could not open/create prefs root node Software\JavaSoft\Prefs at root 0xffffffff80000002. Windows RegCreateKeyEx(...) returned error code 5.
2025-01-15 12:17:33,352 [ERROR] LogOutputStream:75 - [STDERR_REDIRECT] 
2025-01-15 12:17:34,023 [INFO] MainUpdater:2872 - connection check result : 10
2025-01-15 12:17:34,025 [INFO] MainUpdater:289 - Updater Check For Update Now.
2025-01-15 12:17:34,026 [INFO] MicroXplorer:498 - Change Database Version : DB.6.0.130
2025-01-15 12:17:34,036 [INFO] McuFinderGlobals:63 - Set McuFinder mode to 2 (CubeIDE integrated)
2025-01-15 12:17:34,038 [INFO] UserAuth:486 - Internet connection configuration mode: 1
2025-01-15 12:17:34,106 [INFO] JxBrowserEngine:152 - Initiate JxBrowser Engine with user profile folder
2025-01-15 12:17:34,328 [INFO] CheckServerUpdateThread:120 - End of CheckServer Thread
2025-01-15 12:17:35,172 [INFO] WebApp:168 - Instantiating new browser for Auth
2025-01-15 12:17:36,409 [WARN] PackLoader:240 - Cannot read IP mode file for STMicroelectronics.FP-SNS-MOTENVWB1.1.4.0
2025-01-15 12:17:36,434 [WARN] PackLoader:240 - Cannot read IP mode file for STMicroelectronics.FP-ATR-ASTRA1.2.0.1
2025-01-15 12:17:36,466 [WARN] PackLoader:240 - Cannot read IP mode file for STMicroelectronics.X-CUBE-SMBUS.2.1.0
2025-01-15 12:17:36,482 [WARN] PackLoader:240 - Cannot read IP mode file for STMicroelectronics.X-CUBE-WB05N.1.1.0
2025-01-15 12:17:36,493 [WARN] PackLoader:240 - Cannot read IP mode file for STMicroelectronics.X-CUBE-TOUCHGFX.4.23.0
2025-01-15 12:17:36,498 [WARN] PackLoader:240 - Cannot read IP mode file for STMicroelectronics.X-CUBE-TOUCHGFX.4.23.2
2025-01-15 12:17:36,551 [WARN] PackLoader:240 - Cannot read IP mode file for STMicroelectronics.X-CUBE-AZRTOS-F7.1.1.0
2025-01-15 12:17:36,588 [WARN] PackLoader:240 - Cannot read IP mode file for STMicroelectronics.FP-SNS-MOTENV1.4.3.2
2025-01-15 12:17:36,599 [WARN] PackLoader:240 - Cannot read IP mode file for STMicroelectronics.FP-SNS-FLIGHT1.5.0.2
2025-01-15 12:17:36,614 [WARN] PackLoader:240 - Cannot read IP mode file for STMicroelectronics.X-CUBE-DISPLAY.3.0.0
2025-01-15 12:17:36,659 [WARN] PackLoader:240 - Cannot read IP mode file for STMicroelectronics.X-CUBE-BLE1.7.0.0
2025-01-15 12:17:36,958 [WARN] PackLoader:240 - Cannot read IP mode file for STMicroelectronics.X-CUBE-NFC10.1.0.0
2025-01-15 12:17:36,980 [WARN] PackLoader:240 - Cannot read IP mode file for STMicroelectronics.X-CUBE-BLEMGR.4.0.0
2025-01-15 12:17:36,992 [WARN] PackLoader:240 - Cannot read IP mode file for emotas.I-CUBE-CANOPEN.1.3.0
2025-01-15 12:17:37,030 [WARN] PackLoader:240 - Cannot read IP mode file for STMicroelectronics.X-CUBE-BLEMGR.3.1.0
2025-01-15 12:17:37,042 [WARN] PackLoader:240 - Cannot read IP mode file for STMicroelectronics.FP-SNS-SMARTAG2.1.2.0
2025-01-15 12:17:37,135 [WARN] PackLoader:240 - Cannot read IP mode file for STMicroelectronics.X-CUBE-MEMS1.11.1.0
2025-01-15 12:17:37,355 [INFO] LogOutputStream:77 - [STDOUT_REDIRECT] 1 : Invalid condition id : UX_CORESTACK_Condition cause : null
2025-01-15 12:17:37,356 [INFO] LogOutputStream:77 - [STDOUT_REDIRECT] 1 : Invalid condition id : UX_CORESTACK_Condition cause : null
2025-01-15 12:17:37,358 [INFO] LogOutputStream:77 - [STDOUT_REDIRECT] 1 : Invalid condition id : UX_CORESTACK_Condition cause : null
2025-01-15 12:17:37,360 [INFO] LogOutputStream:77 - [STDOUT_REDIRECT] 1 : Invalid condition id : UX_CORESTACK_Condition cause : null
2025-01-15 12:17:37,362 [INFO] LogOutputStream:77 - [STDOUT_REDIRECT] 1 : Invalid condition id : UX_CORESTACK_Condition cause : null
2025-01-15 12:17:37,366 [WARN] PackLoader:240 - Cannot read IP mode file for STMicroelectronics.X-CUBE-AZRTOS-WL.2.0.0
2025-01-15 12:17:37,374 [WARN] PackLoader:240 - Cannot read IP mode file for STMicroelectronics.FP-SNS-MOTENV1.5.0.0
2025-01-15 12:17:37,385 [WARN] PackLoader:240 - Cannot read IP mode file for wolfSSL.I-CUBE-wolfMQTT.1.19.0
2025-01-15 12:17:37,399 [WARN] PackLoader:240 - Cannot read IP mode file for WES.I-CUBE-Cesium.1.3.0
2025-01-15 12:17:37,504 [WARN] PackLoader:240 - Cannot read IP mode file for STMicroelectronics.X-CUBE-BLE2.3.3.0
2025-01-15 12:17:37,512 [WARN] PackLoader:240 - Cannot read IP mode file for STMicroelectronics.X-CUBE-NFC9.1.0.0
2025-01-15 12:17:37,523 [WARN] PackLoader:240 - Cannot read IP mode file for STMicroelectronics.X-CUBE-TCPP.4.1.0
2025-01-15 12:17:37,817 [WARN] PackLoader:240 - Cannot read IP mode file for STMicroelectronics.X-CUBE-ALGOBUILD.1.3.0
2025-01-15 12:17:37,835 [WARN] PackLoader:240 - Cannot read IP mode file for STMicroelectronics.X-CUBE-AZRTOS-G0.1.1.0
2025-01-15 12:17:37,843 [WARN] PackLoader:240 - Cannot read IP mode file for STMicroelectronics.X-CUBE-SAFEA1.1.2.2
2025-01-15 12:17:37,851 [WARN] PackLoader:240 - Cannot read IP mode file for STMicroelectronics.X-CUBE-NFC4.3.0.0
2025-01-15 12:17:37,856 [WARN] PackLoader:240 - Cannot read IP mode file for wolfSSL.I-CUBE-wolfMQTT.1.18.0
2025-01-15 12:17:37,873 [WARN] PackLoader:240 - Cannot read IP mode file for EmbeddedOffice.I-CUBE-FS-RTOS.1.0.1
2025-01-15 12:17:37,954 [WARN] PackLoader:240 - Cannot read IP mode file for STMicroelectronics.X-CUBE-BLEMGR.3.0.0
2025-01-15 12:17:38,105 [WARN] PackLoader:240 - Cannot read IP mode file for STMicroelectronics.X-CUBE-TCPP.4.2.0
2025-01-15 12:17:38,325 [WARN] PackLoader:240 - Cannot read IP mode file for RealThread.X-CUBE-RT-Thread_Nano.4.1.1
2025-01-15 12:17:38,329 [WARN] PackLoader:240 - Cannot read IP mode file for STMicroelectronics.FP-ATR-SIGFOX1.3.2.0
2025-01-15 12:17:38,335 [WARN] ConditionMgr:438 - getConditionDescription Invalid condition id : Cortex-A Device cause : null
2025-01-15 12:17:38,357 [WARN] ConditionMgr:1044 - genDependencies : Invalid condition id : Cortex-A Device cause : null
2025-01-15 12:17:38,357 [WARN] ConditionMgr:1044 - genDependencies : Invalid condition id : Cortex-A Device cause : null
2025-01-15 12:17:38,357 [WARN] ConditionMgr:1044 - genDependencies : Invalid condition id : Cortex-A Device cause : null
2025-01-15 12:17:38,363 [INFO] WebApp:449 - Apply proxy settings
2025-01-15 12:17:38,364 [INFO] WebApp:534 - Chromium requires no authentication
2025-01-15 12:17:38,365 [WARN] PackLoader:240 - Cannot read IP mode file for STMicroelectronics.X-CUBE-EEPRMA1.5.1.0
2025-01-15 12:17:38,374 [INFO] WebApp:477 - Direct internet connection detected
2025-01-15 12:17:38,400 [INFO] WebApp:880 - Register for checkConnection events
2025-01-15 12:17:38,400 [INFO] WebApp:449 - Apply proxy settings
2025-01-15 12:17:38,400 [INFO] WebApp:534 - Chromium requires no authentication
2025-01-15 12:17:38,402 [INFO] WebApp:477 - Direct internet connection detected
2025-01-15 12:17:38,449 [WARN] PackLoader:240 - Cannot read IP mode file for SEGGER.I-CUBE-embOS.1.3.1
2025-01-15 12:17:38,658 [INFO] WebApp:221 - Starting web application
2025-01-15 12:17:38,659 [INFO] WebApp:579 - Web application path used C:\ST\STM32CubeIDE_1.17.0\STM32CubeIDE\plugins\com.st.stm32cube.common.mx_6.13.0.202411220809\db\plugins\mcufinder\reactClient1\index.html
2025-01-15 12:17:38,729 [WARN] PackLoader:240 - Cannot read IP mode file for STMicroelectronics.X-CUBE-ALGOBUILD.1.4.0
2025-01-15 12:17:38,736 [WARN] PackLoader:240 - Cannot read IP mode file for STMicroelectronics.X-CUBE-AI.9.1.0
2025-01-15 12:17:38,743 [WARN] PackLoader:240 - Cannot read IP mode file for STMicroelectronics.X-CUBE-GNSS1.6.0.0
2025-01-15 12:17:38,762 [WARN] PackLoader:240 - Cannot read IP mode file for STMicroelectronics.X-CUBE-AZRTOS-F4.1.1.0
2025-01-15 12:17:38,770 [WARN] PackLoader:240 - Cannot read IP mode file for STMicroelectronics.X-CUBE-ISPU.2.1.0
2025-01-15 12:17:38,776 [WARN] PackLoader:240 - Cannot read IP mode file for STMicroelectronics.X-CUBE-FREERTOS.1.2.0
2025-01-15 12:17:38,781 [WARN] PackLoader:240 - Cannot read IP mode file for wolfSSL.I-CUBE-wolfSSL.5.6.6
2025-01-15 12:17:38,815 [WARN] PackLoader:240 - Cannot read IP mode file for STMicroelectronics.X-CUBE-AZRTOS-L5.2.0.0
2025-01-15 12:17:38,826 [WARN] PackLoader:240 - Cannot read IP mode file for STMicroelectronics.X-CUBE-NFC6.3.1.0
2025-01-15 12:17:38,833 [WARN] PackLoader:240 - Cannot read IP mode file for ITTIA_DB.I-CUBE-ITTIADB.8.8.0
2025-01-15 12:17:39,065 [WARN] PackLoader:240 - Cannot read IP mode file for STMicroelectronics.X-CUBE-DPower.1.2.0
2025-01-15 12:17:39,071 [WARN] PackLoader:240 - Cannot read IP mode file for STMicroelectronics.X-CUBE-AI.9.0.0
2025-01-15 12:17:39,075 [WARN] PackLoader:240 - Cannot read IP mode file for STMicroelectronics.X-CUBE-FREERTOS.1.3.0
2025-01-15 12:17:39,081 [WARN] PackLoader:240 - Cannot read IP mode file for STMicroelectronics.X-CUBE-NFC7.1.0.1
2025-01-15 12:17:39,085 [WARN] PackLoader:240 - Cannot read IP mode file for wolfSSL.I-CUBE-wolfTPM.3.2.0
2025-01-15 12:17:39,117 [WARN] PackLoader:240 - Cannot read IP mode file for STMicroelectronics.X-CUBE-NFC6.3.0.0
2025-01-15 12:17:39,138 [WARN] PackLoader:240 - Cannot read IP mode file for STMicroelectronics.X-CUBE-AI.8.1.0
2025-01-15 12:17:39,305 [WARN] ConditionMgr:438 - getConditionDescription Invalid condition id : LAN8742 Phy interface Condition cause : null
2025-01-15 12:17:39,306 [WARN] PackLoader:240 - Cannot read IP mode file for STMicroelectronics.X-CUBE-AZRTOS-L4.2.0.0
2025-01-15 12:17:39,307 [WARN] ConditionMgr:1044 - genDependencies : Invalid condition id : LAN8742 Phy interface Condition cause : null
2025-01-15 12:17:39,308 [WARN] ConditionMgr:1044 - genDependencies : Invalid condition id : LAN8742 Phy interface Condition cause : null
2025-01-15 12:17:39,309 [WARN] ConditionMgr:1044 - genDependencies : Invalid condition id : LAN8742 Phy interface Condition cause : null
2025-01-15 12:17:39,322 [WARN] PackLoader:240 - Cannot read IP mode file for STMicroelectronics.X-CUBE-SFXS2LP1.4.0.0
2025-01-15 12:17:39,340 [WARN] PackLoader:240 - Cannot read IP mode file for STMicroelectronics.X-CUBE-AZRTOS-H7.3.3.0
2025-01-15 12:17:39,356 [WARN] ConditionMgr:438 - getConditionDescription Invalid condition id : UX DEVICE CLASS RTOS Condition cause : null
2025-01-15 12:17:39,357 [WARN] ConditionMgr:438 - getConditionDescription Invalid condition id : UX DEVICE CLASS RTOS Condition cause : null
2025-01-15 12:17:39,359 [WARN] PackLoader:240 - Cannot read IP mode file for STMicroelectronics.X-CUBE-AZRTOS-WB.2.0.0
2025-01-15 12:17:39,360 [WARN] ConditionMgr:1044 - genDependencies : Invalid condition id : UX DEVICE CLASS RTOS Condition cause : null
2025-01-15 12:17:39,360 [WARN] ConditionMgr:1044 - genDependencies : Invalid condition id : UX DEVICE CLASS RTOS Condition cause : null
2025-01-15 12:17:39,361 [WARN] ConditionMgr:1044 - genDependencies : Invalid condition id : UX DEVICE CLASS RTOS Condition cause : null
2025-01-15 12:17:39,361 [WARN] ConditionMgr:1044 - genDependencies : Invalid condition id : UX DEVICE CLASS RTOS Condition cause : null
2025-01-15 12:17:39,361 [WARN] ConditionMgr:1044 - genDependencies : Invalid condition id : UX DEVICE CLASS RTOS Condition cause : null
2025-01-15 12:17:39,367 [WARN] PackLoader:240 - Cannot read IP mode file for STMicroelectronics.X-CUBE-GNSS1.7.0.1
2025-01-15 12:17:39,454 [WARN] PackLoader:240 - Cannot read IP mode file for STMicroelectronics.FP-SNS-STBOX1.2.0.0
2025-01-15 12:17:39,466 [WARN] PackLoader:240 - Cannot read IP mode file for STMicroelectronics.X-CUBE-SUBG2.5.0.0
2025-01-15 12:17:39,478 [WARN] PackLoader:240 - Cannot read IP mode file for Cesanta.I-CUBE-Mongoose.7.13.0
2025-01-15 12:17:39,496 [WARN] PackLoader:240 - Cannot read IP mode file for STMicroelectronics.X-CUBE-AZRTOS-G4.2.0.0
2025-01-15 12:17:39,510 [WARN] PackLoader:240 - Cannot read IP mode file for Infineon.AIROC-Wi-Fi-Bluetooth-STM32.1.5.1
2025-01-15 12:17:39,570 [WARN] PackLoader:240 - Cannot read IP mode file for STMicroelectronics.FP-SNS-MOTENVWB1.1.3.1
2025-01-15 12:17:39,575 [WARN] PackLoader:240 - Cannot read IP mode file for STMicroelectronics.X-CUBE-ISPU.2.0.0
2025-01-15 12:17:39,592 [WARN] PackLoader:240 - Cannot read IP mode file for STMicroelectronics.X-CUBE-IPS.3.1.0
2025-01-15 12:17:39,602 [WARN] PackLoader:240 - Cannot read IP mode file for STMicroelectronics.X-CUBE-ALS.1.0.2
2025-01-15 12:17:39,643 [WARN] PackLoader:240 - Cannot read IP mode file for STMicroelectronics.X-CUBE-MEMS1.10.0.0
2025-01-15 12:17:39,756 [INFO] UserAuth:486 - Internet connection configuration mode: 1
2025-01-15 12:17:40,043 [WARN] PackLoader:240 - Cannot read IP mode file for STMicroelectronics.X-CUBE-FREERTOS.1.1.0
2025-01-15 12:17:40,239 [WARN] PackLoader:240 - Cannot read IP mode file for STMicroelectronics.X-CUBE-TOUCHGFX.4.24.0
2025-01-15 12:17:40,431 [WARN] PackLoader:240 - Cannot read IP mode file for STMicroelectronics.X-CUBE-TOUCHGFX.4.24.2
2025-01-15 12:17:40,582 [WARN] PackLoader:240 - Cannot read IP mode file for portGmbH.I-Cube-SoM-uGOAL.1.1.0
2025-01-15 12:17:40,586 [WARN] PackLoader:240 - Cannot read IP mode file for STMicroelectronics.X-CUBE-ALS.1.0.1
2025-01-15 12:17:40,603 [WARN] PackLoader:240 - Cannot read IP mode file for STMicroelectronics.X-CUBE-AZRTOS-H7RS.1.0.0
2025-01-15 12:17:40,609 [WARN] PackLoader:240 - Cannot read IP mode file for STMicroelectronics.FP-ATR-ASTRA1.2.0.0
2025-01-15 12:17:40,619 [WARN] PackLoader:240 - Cannot read IP mode file for STMicroelectronics.X-CUBE-TOF1.3.4.2
2025-01-15 12:17:40,638 [WARN] PackLoader:240 - Cannot read IP mode file for STMicroelectronics.X-CUBE-TOF1.3.4.0
2025-01-15 12:17:40,896 [WARN] PackLoader:240 - Cannot read IP mode file for STMicroelectronics.X-CUBE-TOF1.3.4.1
2025-01-15 12:17:40,922 [WARN] PackLoader:240 - Cannot read IP mode file for STMicroelectronics.X-CUBE-AZRTOS-H7.3.2.0
2025-01-15 12:17:40,941 [WARN] PackLoader:240 - Cannot read IP mode file for wolfSSL.I-CUBE-wolfSSH.1.4.17
2025-01-15 12:17:40,942 [INFO] ThirdParty:978 - Integrity check success = true
2025-01-15 12:17:40,942 [INFO] IntegrityCheckThread:100 - exiting critical section [integrity check]
2025-01-15 12:17:40,942 [INFO] IntegrityCheckThread:103 - End integrity checks thread
2025-01-15 12:17:42,041 [INFO] WebApp:187 - Connection restablished
2025-01-15 12:20:49,182 [ERROR] LogOutputStream:75 - [STDERR_REDIRECT] 
2025-01-15 12:21:00,849 [INFO] Activator:176 - 


2025-01-15 12:21:00,849 [INFO] Activator:177 - !SESSION log4j initialized
2025-01-15 12:21:04,775 [INFO] LogOutputStream:77 - [STDOUT_REDIRECT] 
2025-01-15 12:21:21,265 [INFO] ApplicationProperties:184 - Using Application install path: C:\ST\STM32CubeIDE_1.17.0\STM32CubeIDE\plugins\com.st.stm32cube.common.mx_6.13.0.202411220809
2025-01-15 12:21:21,296 [INFO] DbMcusXml:78 - Set database path to: C:\ST\STM32CubeIDE_1.17.0\STM32CubeIDE\plugins\com.st.stm32cube.common.mx_6.13.0.202411220809\\db\/mcu/
2025-01-15 12:21:21,296 [INFO] ApiDb:274 - Set plugin database path to: C:\ST\STM32CubeIDE_1.17.0\STM32CubeIDE\plugins\com.st.stm32cube.common.mx_6.13.0.202411220809\\db\/plugins/boardmanager/
2025-01-15 12:21:21,296 [WARN] ApiDb:259 - Overriding images path with different value:  => C:\ST\STM32CubeIDE_1.17.0\STM32CubeIDE\plugins\com.st.stm32cube.common.mx_6.13.0.202411220809\\db\/plugins/mcufinder/images/
2025-01-15 12:21:21,296 [INFO] ApiDb:250 - Set database path to: C:\Users\amsb9\.stmcufinder\plugins\mcufinder//mcu/
2025-01-15 12:21:21,312 [INFO] DbMcusAds:125 - Set database path to: C:\Users\amsb9\.stmcufinder\plugins\mcufinder//mcu/
2025-01-15 12:21:21,328 [INFO] CrossReferenceDbSqlite:203 - Set database path to: C:\Users\amsb9\.stmcufinder\plugins\mcufinder//mcu/cs/
2025-01-15 12:21:21,468 [INFO] RulesReader:64 - Compatibility file has been processed (297 Rules)
2025-01-15 12:21:21,656 [INFO] DbMcusXml:78 - Set database path to: C:\ST\STM32CubeIDE_1.17.0\STM32CubeIDE\plugins\com.st.stm32cube.common.mx_6.13.0.202411220809\\db\/mcu/
2025-01-15 12:21:21,656 [INFO] ApiDb:274 - Set plugin database path to: C:\ST\STM32CubeIDE_1.17.0\STM32CubeIDE\plugins\com.st.stm32cube.common.mx_6.13.0.202411220809\\db\/plugins/boardmanager/
2025-01-15 12:21:21,656 [INFO] ApiDb:261 - Set plugin images path to: C:\ST\STM32CubeIDE_1.17.0\STM32CubeIDE\plugins\com.st.stm32cube.common.mx_6.13.0.202411220809\\db\/plugins/mcufinder/images/
2025-01-15 12:21:21,656 [WARN] DbFile:41 - Overriding database path with different value: C:\Users\amsb9\.stmcufinder\plugins\mcufinder/ => C:\Users\amsb9\.stmcufinder\plugins\mcufinder
2025-01-15 12:21:21,656 [INFO] ApiDb:250 - Set database path to: C:\Users\amsb9\.stmcufinder\plugins\mcufinder//mcu/
2025-01-15 12:21:21,656 [WARN] DbFile:41 - Overriding database path with different value: C:\Users\amsb9\.stmcufinder\plugins\mcufinder/ => C:\Users\amsb9\.stmcufinder\plugins\mcufinder
2025-01-15 12:21:21,656 [INFO] DbMcusAds:125 - Set database path to: C:\Users\amsb9\.stmcufinder\plugins\mcufinder//mcu/
2025-01-15 12:21:21,656 [WARN] DbFile:41 - Overriding database path with different value: C:\Users\amsb9\.stmcufinder\plugins\mcufinder/ => C:\Users\amsb9\.stmcufinder\plugins\mcufinder
2025-01-15 12:21:21,656 [WARN] DbFile:41 - Overriding database path with different value: C:\Users\amsb9\.stmcufinder\plugins\mcufinder/ => C:\Users\amsb9\.stmcufinder\plugins\mcufinder
2025-01-15 12:21:21,656 [INFO] CrossReferenceDbSqlite:203 - Set database path to: C:\Users\amsb9\.stmcufinder\plugins\mcufinder//mcu/cs/
2025-01-15 12:21:21,812 [INFO] MainPanel:272 - HeapMemory: 268435456
2025-01-15 12:21:21,923 [INFO] DbMcusXml:78 - Set database path to: C:\ST\STM32CubeIDE_1.17.0\STM32CubeIDE\plugins\com.st.stm32cube.common.mx_6.13.0.202411220809\\db\/mcu/
2025-01-15 12:21:21,923 [INFO] ApiDb:274 - Set plugin database path to: C:\ST\STM32CubeIDE_1.17.0\STM32CubeIDE\plugins\com.st.stm32cube.common.mx_6.13.0.202411220809\\db\/plugins/boardmanager/
2025-01-15 12:21:21,939 [INFO] ApiDb:261 - Set plugin images path to: C:\ST\STM32CubeIDE_1.17.0\STM32CubeIDE\plugins\com.st.stm32cube.common.mx_6.13.0.202411220809\\db\/plugins/mcufinder/images/
2025-01-15 12:21:21,939 [WARN] DbFile:41 - Overriding database path with different value: C:\Users\amsb9\.stmcufinder\plugins\mcufinder/ => C:\Users\amsb9\.stmcufinder\plugins\mcufinder
2025-01-15 12:21:21,939 [INFO] ApiDb:250 - Set database path to: C:\Users\amsb9\.stmcufinder\plugins\mcufinder//mcu/
2025-01-15 12:21:21,939 [WARN] DbFile:41 - Overriding database path with different value: C:\Users\amsb9\.stmcufinder\plugins\mcufinder/ => C:\Users\amsb9\.stmcufinder\plugins\mcufinder
2025-01-15 12:21:21,939 [INFO] DbMcusAds:125 - Set database path to: C:\Users\amsb9\.stmcufinder\plugins\mcufinder//mcu/
2025-01-15 12:21:21,939 [WARN] DbFile:41 - Overriding database path with different value: C:\Users\amsb9\.stmcufinder\plugins\mcufinder/ => C:\Users\amsb9\.stmcufinder\plugins\mcufinder
2025-01-15 12:21:21,939 [WARN] DbFile:41 - Overriding database path with different value: C:\Users\amsb9\.stmcufinder\plugins\mcufinder/ => C:\Users\amsb9\.stmcufinder\plugins\mcufinder
2025-01-15 12:21:21,939 [INFO] CrossReferenceDbSqlite:203 - Set database path to: C:\Users\amsb9\.stmcufinder\plugins\mcufinder//mcu/cs/
2025-01-15 12:21:21,970 [INFO] ApplicationProperties:184 - Using Application install path: C:\ST\STM32CubeIDE_1.17.0\STM32CubeIDE\plugins\com.st.stm32cube.common.mx_6.13.0.202411220809
2025-01-15 12:21:21,970 [INFO] PluginManage:196 - Search for loadable plugins [exclusion list=, ]
2025-01-15 12:21:21,970 [INFO] PluginManage:310 - Check plugin analytics
2025-01-15 12:21:22,267 [INFO] AnalyticsPlugin:253 - Accepted Software Licenses: 
2025-01-15 12:21:22,267 [INFO] AnalyticsPlugin:255 - Accepted CMSIS Pack Licenses: 
2025-01-15 12:21:22,267 [INFO] AnalyticsPlugin:257 - Accepted Firmware Licenses: FW.L4.1.18.0
2025-01-15 12:21:22,267 [INFO] PluginManage:359 - Loaded plugin analytics (category:tool,tabindex:-1)
2025-01-15 12:21:22,283 [INFO] PluginManage:310 - Check plugin cadmodel
2025-01-15 12:21:22,283 [INFO] CADModel:105 - Init CAD model plugin
2025-01-15 12:21:22,283 [INFO] PluginManage:359 - Loaded plugin cadmodel (category:power,tabindex:5)
2025-01-15 12:21:22,283 [INFO] PluginManage:310 - Check plugin clock
2025-01-15 12:21:22,299 [INFO] PluginManage:359 - Loaded plugin clock (category:base,tabindex:2)
2025-01-15 12:21:22,299 [INFO] PluginManage:310 - Check plugin ddr
2025-01-15 12:21:22,299 [INFO] PluginManage:359 - Loaded plugin ddr (category:tool,tabindex:6)
2025-01-15 12:21:22,299 [INFO] PluginManage:310 - Check plugin filemanager
2025-01-15 12:21:22,486 [INFO] PluginManage:359 - Loaded plugin filemanager (category:base,tabindex:10)
2025-01-15 12:21:22,486 [INFO] PluginManage:310 - Check plugin ipmanager
2025-01-15 12:21:22,502 [INFO] PluginManage:359 - Loaded plugin ipmanager (category:base,tabindex:5)
2025-01-15 12:21:22,502 [INFO] PluginManage:310 - Check plugin lpbam
2025-01-15 12:21:22,502 [INFO] PluginManage:359 - Loaded plugin lpbam (category:base,tabindex:0)
2025-01-15 12:21:22,502 [INFO] PluginManage:310 - Check plugin memorymap
2025-01-15 12:21:22,537 [INFO] PluginManage:359 - Loaded plugin memorymap (category:base,tabindex:4)
2025-01-15 12:21:22,537 [INFO] PluginManage:310 - Check plugin pinoutandconfiguration
2025-01-15 12:21:22,553 [INFO] PluginManage:359 - Loaded plugin pinoutandconfiguration (category:base,tabindex:1)
2025-01-15 12:21:22,553 [INFO] PluginManage:310 - Check plugin pinoutconfig
2025-01-15 12:21:22,678 [WARN] SupportedApi:132 - Cannot load RTOS API schema: s4s-elt-must-match.1: The content of 'definitions' must match (annotation?, (simpleType | complexType)?, (unique | key | keyref)*)). A problem was found starting at: attribute.
2025-01-15 12:21:22,834 [INFO] PluginManage:359 - Loaded plugin pinoutconfig (category:base,tabindex:0)
2025-01-15 12:21:22,834 [INFO] PluginManage:310 - Check plugin power
2025-01-15 12:21:22,850 [INFO] PluginManage:359 - Loaded plugin power (category:power,tabindex:4)
2025-01-15 12:21:22,850 [INFO] PluginManage:310 - Check plugin projectmanager
2025-01-15 12:21:22,874 [INFO] PluginManage:359 - Loaded plugin projectmanager (category:projectmanager,tabindex:4)
2025-01-15 12:21:22,874 [INFO] PluginManage:310 - Check plugin rif
2025-01-15 12:21:22,874 [INFO] PluginManage:359 - Loaded plugin rif (category:base,tabindex:3)
2025-01-15 12:21:22,874 [INFO] PluginManage:310 - Check plugin thirdparty
2025-01-15 12:21:23,046 [INFO] PluginManage:359 - Loaded plugin thirdparty (category:base,tabindex:-1)
2025-01-15 12:21:23,046 [WARN] IntegrityCheckThread:84 - waiting for thirdparty lock release [integrity check]
2025-01-15 12:21:23,046 [INFO] PluginManage:310 - Check plugin tools
2025-01-15 12:21:23,046 [INFO] IntegrityCheckThread:86 - entering critical section [integrity check]
2025-01-15 12:21:23,060 [INFO] ThirdPartyUpdaterWithRetryManager:70 - Updater plugin not ready yet. [1/15]
2025-01-15 12:21:23,060 [INFO] PluginManage:359 - Loaded plugin tools (category:base,tabindex:7)
2025-01-15 12:21:23,060 [INFO] PluginManage:310 - Check plugin tutovideos
2025-01-15 12:21:23,242 [INFO] PluginManage:359 - Loaded plugin tutovideos (category:base,tabindex:-1)
2025-01-15 12:21:23,242 [INFO] PluginManage:310 - Check plugin updater
2025-01-15 12:21:23,273 [INFO] PluginManage:359 - Loaded plugin updater (category:base,tabindex:12)
2025-01-15 12:21:23,273 [INFO] PluginManage:310 - Check plugin userauth
2025-01-15 12:21:23,273 [INFO] UserAuth:118 - Init User Auth plugin
2025-01-15 12:21:23,273 [INFO] PluginManage:359 - Loaded plugin userauth (category:base,tabindex:14)
2025-01-15 12:21:23,273 [INFO] PluginManage:283 - PluginManage : Loaded plugins [18]
2025-01-15 12:21:23,543 [INFO] PinOutPanel:1589 - setPackage(No Configuration,No Configuration)
2025-01-15 12:21:23,652 [INFO] CADModel:165 - CPN selected for project level
2025-01-15 12:21:23,668 [INFO] CADModel:114 - Register for checkConnection events
2025-01-15 12:21:23,683 [INFO] IPUIPlugin:80 - create IPUIPlugin
2025-01-15 12:21:23,683 [INFO] PluginManager:220 - loadIPPluginJar : add adc
2025-01-15 12:21:23,683 [INFO] IPUIPlugin:80 - create IPUIPlugin
2025-01-15 12:21:23,683 [INFO] PluginManager:220 - loadIPPluginJar : add aes
2025-01-15 12:21:23,683 [INFO] IPUIPlugin:80 - create IPUIPlugin
2025-01-15 12:21:23,683 [INFO] PluginManager:220 - loadIPPluginJar : add can
2025-01-15 12:21:23,683 [INFO] IPUIPlugin:80 - create IPUIPlugin
2025-01-15 12:21:23,683 [INFO] PluginManager:220 - loadIPPluginJar : add comp
2025-01-15 12:21:23,699 [INFO] IPUIPlugin:80 - create IPUIPlugin
2025-01-15 12:21:23,699 [INFO] PluginManager:220 - loadIPPluginJar : add cryp
2025-01-15 12:21:23,699 [INFO] IPUIPlugin:80 - create IPUIPlugin
2025-01-15 12:21:23,699 [INFO] PluginManager:220 - loadIPPluginJar : add ddr_ctrl_phy
2025-01-15 12:21:23,699 [INFO] IPUIPlugin:80 - create IPUIPlugin
2025-01-15 12:21:23,699 [INFO] PluginManager:220 - loadIPPluginJar : add dfsdm
2025-01-15 12:21:23,715 [INFO] IPUIPlugin:80 - create IPUIPlugin
2025-01-15 12:21:23,715 [INFO] PluginManager:220 - loadIPPluginJar : add dma
2025-01-15 12:21:23,715 [INFO] IPUIPlugin:80 - create IPUIPlugin
2025-01-15 12:21:23,715 [INFO] PluginManager:220 - loadIPPluginJar : add dma3
2025-01-15 12:21:23,715 [INFO] IPUIPlugin:80 - create IPUIPlugin
2025-01-15 12:21:23,715 [INFO] PluginManager:220 - loadIPPluginJar : add extmemmanager
2025-01-15 12:21:23,715 [INFO] IPUIPlugin:80 - create IPUIPlugin
2025-01-15 12:21:23,715 [INFO] PluginManager:220 - loadIPPluginJar : add fatfs
2025-01-15 12:21:23,730 [INFO] IPUIPlugin:80 - create IPUIPlugin
2025-01-15 12:21:23,730 [INFO] PluginManager:220 - loadIPPluginJar : add fmc
2025-01-15 12:21:23,730 [INFO] IPUIPlugin:80 - create IPUIPlugin
2025-01-15 12:21:23,730 [INFO] PluginManager:220 - loadIPPluginJar : add freertos
2025-01-15 12:21:23,730 [INFO] IPUIPlugin:80 - create IPUIPlugin
2025-01-15 12:21:23,730 [INFO] PluginManager:220 - loadIPPluginJar : add genericplugin
2025-01-15 12:21:23,730 [INFO] IPUIPlugin:80 - create IPUIPlugin
2025-01-15 12:21:23,730 [INFO] PluginManager:220 - loadIPPluginJar : add gfxmmu
2025-01-15 12:21:23,746 [INFO] IPUIPlugin:80 - create IPUIPlugin
2025-01-15 12:21:23,746 [INFO] PluginManager:220 - loadIPPluginJar : add gic
2025-01-15 12:21:23,746 [INFO] IPUIPlugin:80 - create IPUIPlugin
2025-01-15 12:21:23,746 [INFO] PluginManager:220 - loadIPPluginJar : add gpio
2025-01-15 12:21:23,746 [INFO] IPUIPlugin:80 - create IPUIPlugin
2025-01-15 12:21:23,746 [INFO] PluginManager:220 - loadIPPluginJar : add gtzc
2025-01-15 12:21:23,762 [INFO] IPUIPlugin:80 - create IPUIPlugin
2025-01-15 12:21:23,762 [INFO] PluginManager:220 - loadIPPluginJar : add hash
2025-01-15 12:21:23,762 [INFO] IPUIPlugin:80 - create IPUIPlugin
2025-01-15 12:21:23,762 [INFO] PluginManager:220 - loadIPPluginJar : add i2c
2025-01-15 12:21:23,762 [INFO] IPUIPlugin:80 - create IPUIPlugin
2025-01-15 12:21:23,762 [INFO] PluginManager:220 - loadIPPluginJar : add i2s
2025-01-15 12:21:23,762 [INFO] IPUIPlugin:80 - create IPUIPlugin
2025-01-15 12:21:23,777 [INFO] PluginManager:220 - loadIPPluginJar : add i3c
2025-01-15 12:21:23,777 [INFO] IPUIPlugin:80 - create IPUIPlugin
2025-01-15 12:21:23,777 [INFO] PluginManager:220 - loadIPPluginJar : add ipddr
2025-01-15 12:21:23,777 [INFO] IPUIPlugin:80 - create IPUIPlugin
2025-01-15 12:21:23,777 [INFO] PluginManager:220 - loadIPPluginJar : add linkedlist
2025-01-15 12:21:23,793 [INFO] IPUIPlugin:80 - create IPUIPlugin
2025-01-15 12:21:23,793 [INFO] PluginManager:220 - loadIPPluginJar : add lorawan
2025-01-15 12:21:23,793 [INFO] IPUIPlugin:80 - create IPUIPlugin
2025-01-15 12:21:23,793 [INFO] PluginManager:220 - loadIPPluginJar : add ltdc
2025-01-15 12:21:23,793 [INFO] IPUIPlugin:80 - create IPUIPlugin
2025-01-15 12:21:23,793 [INFO] PluginManager:220 - loadIPPluginJar : add mdma
2025-01-15 12:21:23,793 [INFO] IPUIPlugin:80 - create IPUIPlugin
2025-01-15 12:21:23,808 [INFO] PluginManager:220 - loadIPPluginJar : add nvic
2025-01-15 12:21:23,808 [INFO] IPUIPlugin:80 - create IPUIPlugin
2025-01-15 12:21:23,808 [INFO] PluginManager:220 - loadIPPluginJar : add opamp
2025-01-15 12:21:23,808 [INFO] IPUIPlugin:80 - create IPUIPlugin
2025-01-15 12:21:23,808 [INFO] PluginManager:220 - loadIPPluginJar : add openamp
2025-01-15 12:21:23,808 [INFO] IPUIPlugin:80 - create IPUIPlugin
2025-01-15 12:21:23,808 [INFO] PluginManager:220 - loadIPPluginJar : add pdm2pcm
2025-01-15 12:21:23,824 [INFO] IPUIPlugin:80 - create IPUIPlugin
2025-01-15 12:21:23,824 [INFO] PluginManager:220 - loadIPPluginJar : add plateformsettings
2025-01-15 12:21:23,824 [INFO] IPUIPlugin:80 - create IPUIPlugin
2025-01-15 12:21:23,824 [INFO] PluginManager:220 - loadIPPluginJar : add quadspi
2025-01-15 12:21:23,824 [INFO] IPUIPlugin:80 - create IPUIPlugin
2025-01-15 12:21:23,824 [INFO] PluginManager:220 - loadIPPluginJar : add radio
2025-01-15 12:21:23,840 [INFO] IPUIPlugin:80 - create IPUIPlugin
2025-01-15 12:21:23,840 [INFO] PluginManager:220 - loadIPPluginJar : add resmgrutility
2025-01-15 12:21:23,840 [INFO] IPUIPlugin:80 - create IPUIPlugin
2025-01-15 12:21:23,840 [INFO] PluginManager:220 - loadIPPluginJar : add sai
2025-01-15 12:21:23,840 [INFO] IPUIPlugin:80 - create IPUIPlugin
2025-01-15 12:21:23,840 [INFO] PluginManager:220 - loadIPPluginJar : add spi
2025-01-15 12:21:23,855 [INFO] IPUIPlugin:80 - create IPUIPlugin
2025-01-15 12:21:23,855 [INFO] PluginManager:220 - loadIPPluginJar : add stm32_wpan
2025-01-15 12:21:23,855 [INFO] IPUIPlugin:80 - create IPUIPlugin
2025-01-15 12:21:23,855 [INFO] PluginManager:220 - loadIPPluginJar : add tim
2025-01-15 12:21:23,855 [INFO] IPUIPlugin:80 - create IPUIPlugin
2025-01-15 12:21:23,855 [INFO] PluginManager:220 - loadIPPluginJar : add touchsensing
2025-01-15 12:21:23,871 [INFO] IPUIPlugin:80 - create IPUIPlugin
2025-01-15 12:21:23,871 [INFO] PluginManager:220 - loadIPPluginJar : add tracer_emb
2025-01-15 12:21:23,871 [INFO] IPUIPlugin:80 - create IPUIPlugin
2025-01-15 12:21:23,871 [INFO] PluginManager:220 - loadIPPluginJar : add ts
2025-01-15 12:21:23,871 [INFO] IPUIPlugin:80 - create IPUIPlugin
2025-01-15 12:21:23,871 [INFO] PluginManager:220 - loadIPPluginJar : add tsc
2025-01-15 12:21:23,871 [INFO] IPUIPlugin:80 - create IPUIPlugin
2025-01-15 12:21:23,871 [INFO] PluginManager:220 - loadIPPluginJar : add ucpd
2025-01-15 12:21:23,871 [INFO] IPUIPlugin:80 - create IPUIPlugin
2025-01-15 12:21:23,871 [INFO] PluginManager:220 - loadIPPluginJar : add usart
2025-01-15 12:21:23,887 [INFO] IPUIPlugin:80 - create IPUIPlugin
2025-01-15 12:21:23,887 [INFO] PluginManager:220 - loadIPPluginJar : add usbx
2025-01-15 12:21:24,059 [FATAL] Updater:351 - Updater called before beeing initialized
2025-01-15 12:21:24,090 [INFO] RulesReader:64 - Compatibility file has been processed (297 Rules)
2025-01-15 12:21:24,106 [INFO] RulesReader:64 - Compatibility file has been processed (297 Rules)
2025-01-15 12:21:24,122 [INFO] CADModel:165 - CPN selected for project level
2025-01-15 12:21:24,122 [INFO] CADModel:114 - Register for checkConnection events
2025-01-15 12:21:24,122 [FATAL] Updater:351 - Updater called before beeing initialized
2025-01-15 12:21:24,122 [ERROR] CADModel:125 - Updater not yet initialized, retry later 
2025-01-15 12:21:24,317 [FATAL] Updater:351 - Updater called before beeing initialized
2025-01-15 12:21:24,320 [INFO] CADModel:165 - CPN selected for project level
2025-01-15 12:21:24,320 [INFO] CADModel:114 - Register for checkConnection events
2025-01-15 12:21:24,320 [FATAL] Updater:351 - Updater called before beeing initialized
2025-01-15 12:21:24,320 [ERROR] CADModel:125 - Updater not yet initialized, retry later 
2025-01-15 12:21:24,322 [FATAL] Updater:351 - Updater called before beeing initialized
2025-01-15 12:21:24,477 [FATAL] Updater:351 - Updater called before beeing initialized
2025-01-15 12:21:24,492 [INFO] DbMcusAds:53 - JSON generation date=Tue Dec 17 09:01:15 MST 2024 (1734451275222)
2025-01-15 12:21:24,492 [FATAL] Updater:351 - Updater called before beeing initialized
2025-01-15 12:21:24,539 [WARN] DetailPanel:346 - Failed to get advertising image, set to default
2025-01-15 12:21:24,868 [FATAL] Updater:351 - Updater called before beeing initialized
2025-01-15 12:21:24,868 [FATAL] Updater:351 - Updater called before beeing initialized
2025-01-15 12:21:24,868 [FATAL] Updater:351 - Updater called before beeing initialized
2025-01-15 12:21:24,868 [WARN] DetailPanel:346 - Failed to get advertising image, set to default
2025-01-15 12:21:24,868 [FATAL] Updater:351 - Updater called before beeing initialized
2025-01-15 12:21:24,930 [ERROR] Updater:1198 - MainUpdater not yet initialized. External WinMGr cannot be set.
2025-01-15 12:21:24,930 [INFO] Updater:1134 - Updater Version found : 6.13.0
2025-01-15 12:21:24,961 [INFO] ApplicationProperties:184 - Using Application install path: C:\ST\STM32CubeIDE_1.17.0\STM32CubeIDE\plugins\com.st.stm32cube.common.mx_6.13.0.202411220809
2025-01-15 12:21:26,076 [INFO] ThirdPartyUpdaterWithRetryManager:70 - Updater plugin not ready yet. [2/15]
2025-01-15 12:21:26,576 [ERROR] LogOutputStream:75 - [STDERR_REDIRECT] Jan 15, 2025 12:21:26 PM java.util.prefs.WindowsPreferences <init>
2025-01-15 12:21:26,576 [ERROR] LogOutputStream:75 - [STDERR_REDIRECT] WARNING: Could not open/create prefs root node Software\JavaSoft\Prefs at root 0xffffffff80000002. Windows RegCreateKeyEx(...) returned error code 5.
2025-01-15 12:21:26,576 [ERROR] LogOutputStream:75 - [STDERR_REDIRECT] 
2025-01-15 12:21:27,308 [INFO] MainUpdater:2872 - connection check result : 10
2025-01-15 12:21:27,308 [INFO] MainUpdater:289 - Updater Check For Update Now.
2025-01-15 12:21:27,308 [INFO] MicroXplorer:498 - Change Database Version : DB.6.0.130
2025-01-15 12:21:27,336 [INFO] McuFinderGlobals:63 - Set McuFinder mode to 2 (CubeIDE integrated)
2025-01-15 12:21:27,336 [INFO] UserAuth:486 - Internet connection configuration mode: 1
2025-01-15 12:21:27,378 [INFO] JxBrowserEngine:152 - Initiate JxBrowser Engine with user profile folder
2025-01-15 12:21:27,602 [INFO] CheckServerUpdateThread:120 - End of CheckServer Thread
2025-01-15 12:21:28,535 [INFO] WebApp:168 - Instantiating new browser for Auth
2025-01-15 12:21:29,671 [WARN] PackLoader:240 - Cannot read IP mode file for STMicroelectronics.FP-SNS-MOTENVWB1.1.4.0
2025-01-15 12:21:29,766 [WARN] PackLoader:240 - Cannot read IP mode file for STMicroelectronics.FP-ATR-ASTRA1.2.0.1
2025-01-15 12:21:29,932 [WARN] PackLoader:240 - Cannot read IP mode file for STMicroelectronics.X-CUBE-SMBUS.2.1.0
2025-01-15 12:21:29,944 [WARN] PackLoader:240 - Cannot read IP mode file for STMicroelectronics.X-CUBE-WB05N.1.1.0
2025-01-15 12:21:29,954 [WARN] PackLoader:240 - Cannot read IP mode file for STMicroelectronics.X-CUBE-TOUCHGFX.4.23.0
2025-01-15 12:21:29,954 [WARN] PackLoader:240 - Cannot read IP mode file for STMicroelectronics.X-CUBE-TOUCHGFX.4.23.2
2025-01-15 12:21:30,163 [WARN] PackLoader:240 - Cannot read IP mode file for STMicroelectronics.X-CUBE-AZRTOS-F7.1.1.0
2025-01-15 12:21:30,233 [WARN] PackLoader:240 - Cannot read IP mode file for STMicroelectronics.FP-SNS-MOTENV1.4.3.2
2025-01-15 12:21:30,245 [WARN] PackLoader:240 - Cannot read IP mode file for STMicroelectronics.FP-SNS-FLIGHT1.5.0.2
2025-01-15 12:21:30,255 [WARN] PackLoader:240 - Cannot read IP mode file for STMicroelectronics.X-CUBE-DISPLAY.3.0.0
2025-01-15 12:21:30,280 [WARN] PackLoader:240 - Cannot read IP mode file for STMicroelectronics.X-CUBE-BLE1.7.0.0
2025-01-15 12:21:30,292 [WARN] PackLoader:240 - Cannot read IP mode file for STMicroelectronics.X-CUBE-NFC10.1.0.0
2025-01-15 12:21:30,319 [WARN] PackLoader:240 - Cannot read IP mode file for STMicroelectronics.X-CUBE-BLEMGR.4.0.0
2025-01-15 12:21:30,335 [WARN] PackLoader:240 - Cannot read IP mode file for emotas.I-CUBE-CANOPEN.1.3.0
2025-01-15 12:21:30,370 [WARN] PackLoader:240 - Cannot read IP mode file for STMicroelectronics.X-CUBE-BLEMGR.3.1.0
2025-01-15 12:21:30,617 [WARN] PackLoader:240 - Cannot read IP mode file for STMicroelectronics.FP-SNS-SMARTAG2.1.2.0
2025-01-15 12:21:30,778 [WARN] PackLoader:240 - Cannot read IP mode file for STMicroelectronics.X-CUBE-MEMS1.11.1.0
2025-01-15 12:21:30,970 [INFO] LogOutputStream:77 - [STDOUT_REDIRECT] 1 : Invalid condition id : UX_CORESTACK_Condition cause : null
2025-01-15 12:21:30,978 [INFO] LogOutputStream:77 - [STDOUT_REDIRECT] 1 : Invalid condition id : UX_CORESTACK_Condition cause : null
2025-01-15 12:21:30,978 [INFO] LogOutputStream:77 - [STDOUT_REDIRECT] 1 : Invalid condition id : UX_CORESTACK_Condition cause : null
2025-01-15 12:21:30,983 [INFO] LogOutputStream:77 - [STDOUT_REDIRECT] 1 : Invalid condition id : UX_CORESTACK_Condition cause : null
2025-01-15 12:21:30,986 [INFO] LogOutputStream:77 - [STDOUT_REDIRECT] 1 : Invalid condition id : UX_CORESTACK_Condition cause : null
2025-01-15 12:21:30,986 [WARN] PackLoader:240 - Cannot read IP mode file for STMicroelectronics.X-CUBE-AZRTOS-WL.2.0.0
2025-01-15 12:21:31,026 [WARN] PackLoader:240 - Cannot read IP mode file for STMicroelectronics.FP-SNS-MOTENV1.5.0.0
2025-01-15 12:21:31,168 [WARN] PackLoader:240 - Cannot read IP mode file for wolfSSL.I-CUBE-wolfMQTT.1.19.0
2025-01-15 12:21:31,228 [WARN] PackLoader:240 - Cannot read IP mode file for WES.I-CUBE-Cesium.1.3.0
2025-01-15 12:21:31,303 [WARN] PackLoader:240 - Cannot read IP mode file for STMicroelectronics.X-CUBE-BLE2.3.3.0
2025-01-15 12:21:31,353 [WARN] PackLoader:240 - Cannot read IP mode file for STMicroelectronics.X-CUBE-NFC9.1.0.0
2025-01-15 12:21:31,362 [WARN] PackLoader:240 - Cannot read IP mode file for STMicroelectronics.X-CUBE-TCPP.4.1.0
2025-01-15 12:21:31,422 [WARN] PackLoader:240 - Cannot read IP mode file for STMicroelectronics.X-CUBE-ALGOBUILD.1.3.0
2025-01-15 12:21:31,489 [WARN] PackLoader:240 - Cannot read IP mode file for STMicroelectronics.X-CUBE-AZRTOS-G0.1.1.0
2025-01-15 12:21:31,503 [WARN] PackLoader:240 - Cannot read IP mode file for STMicroelectronics.X-CUBE-SAFEA1.1.2.2
2025-01-15 12:21:31,758 [WARN] PackLoader:240 - Cannot read IP mode file for STMicroelectronics.X-CUBE-NFC4.3.0.0
2025-01-15 12:21:31,868 [WARN] PackLoader:240 - Cannot read IP mode file for wolfSSL.I-CUBE-wolfMQTT.1.18.0
2025-01-15 12:21:32,218 [WARN] PackLoader:240 - Cannot read IP mode file for EmbeddedOffice.I-CUBE-FS-RTOS.1.0.1
2025-01-15 12:21:32,258 [WARN] PackLoader:240 - Cannot read IP mode file for STMicroelectronics.X-CUBE-BLEMGR.3.0.0
2025-01-15 12:21:32,271 [WARN] PackLoader:240 - Cannot read IP mode file for STMicroelectronics.X-CUBE-TCPP.4.2.0
2025-01-15 12:21:32,330 [WARN] PackLoader:240 - Cannot read IP mode file for RealThread.X-CUBE-RT-Thread_Nano.4.1.1
2025-01-15 12:21:32,446 [WARN] PackLoader:240 - Cannot read IP mode file for STMicroelectronics.FP-ATR-SIGFOX1.3.2.0
2025-01-15 12:21:32,471 [WARN] ConditionMgr:438 - getConditionDescription Invalid condition id : Cortex-A Device cause : null
2025-01-15 12:21:32,471 [INFO] WebApp:449 - Apply proxy settings
2025-01-15 12:21:32,472 [INFO] WebApp:534 - Chromium requires no authentication
2025-01-15 12:21:32,490 [INFO] WebApp:477 - Direct internet connection detected
2025-01-15 12:21:32,535 [INFO] WebApp:880 - Register for checkConnection events
2025-01-15 12:21:32,551 [INFO] WebApp:449 - Apply proxy settings
2025-01-15 12:21:32,551 [INFO] WebApp:534 - Chromium requires no authentication
2025-01-15 12:21:32,553 [INFO] WebApp:477 - Direct internet connection detected
2025-01-15 12:21:32,559 [WARN] ConditionMgr:1044 - genDependencies : Invalid condition id : Cortex-A Device cause : null
2025-01-15 12:21:32,559 [WARN] ConditionMgr:1044 - genDependencies : Invalid condition id : Cortex-A Device cause : null
2025-01-15 12:21:32,559 [WARN] ConditionMgr:1044 - genDependencies : Invalid condition id : Cortex-A Device cause : null
2025-01-15 12:21:32,568 [WARN] PackLoader:240 - Cannot read IP mode file for STMicroelectronics.X-CUBE-EEPRMA1.5.1.0
2025-01-15 12:21:32,670 [WARN] PackLoader:240 - Cannot read IP mode file for SEGGER.I-CUBE-embOS.1.3.1
2025-01-15 12:21:32,712 [ERROR] LogOutputStream:75 - [STDERR_REDIRECT] 
